# JRE version: OpenJDK Runtime Environment Temurin-17.0.6+10 (17.0.6+10) (build 17.0.6+10)
# Java VM: OpenJDK 64-Bit Server VM Temurin-17.0.6+10 (17.0.6+10, mixed mode, tiered, compressed oops, compressed class ptrs, parallel gc, windows-amd64)
GC Precious Log:
 CPUs: 8 total, 8 available
 Memory: 8006M
 Large Page Support: Disabled
 NUMA Support: Disabled
 Compressed Oops: Enabled (32-bit)
 Alignments: Space 512K, Generation 512K, Heap 2M
 Heap Min Capacity: 100M
 Heap Initial Capacity: 100M
 Heap Max Capacity: 1G
 Pre-touch: Disabled
 Parallel Workers: 8
Heap:
 PSYoungGen      total 16384K, used 8607K [0x00000000eab00000, 0x00000000ebf00000, 0x0000000100000000)
  eden space 13312K, 44% used [0x00000000eab00000,0x00000000eb0c9188,0x00000000eb800000)
  from space 3072K, 87% used [0x00000000eb800000,0x00000000eba9ee50,0x00000000ebb00000)
  to   space 3584K, 0% used [0x00000000ebb80000,0x00000000ebb80000,0x00000000ebf00000)
 ParOldGen       total 204288K, used 196559K [0x00000000c0000000, 0x00000000cc780000, 0x00000000eab00000)
  object space 204288K, 96% used [0x00000000c0000000,0x00000000cbff3e90,0x00000000cc780000)
 Metaspace       used 89323K, committed 90688K, reserved 1130496K
  class space    used 9150K, committed 9728K, reserved 1048576K
GC Heap History (20 events):
Event: 294.542 GC heap before
{Heap before GC invocations=584 (full 21):
 PSYoungGen      total 13312K, used 11389K [0x00000000eab00000, 0x00000000eba80000, 0x0000000100000000)
  eden space 9728K, 100% used [0x00000000eab00000,0x00000000eb480000,0x00000000eb480000)
  from space 3584K, 46% used [0x00000000eb480000,0x00000000eb61f7c8,0x00000000eb800000)
  to   space 2560K, 0% used [0x00000000eb800000,0x00000000eb800000,0x00000000eba80000)
 ParOldGen       total 204288K, used 180797K [0x00000000c0000000, 0x00000000cc780000, 0x00000000eab00000)
  object space 204288K, 88% used [0x00000000c0000000,0x00000000cb08f498,0x00000000cc780000)
 Metaspace       used 89024K, committed 90432K, reserved 1130496K
  class space    used 9133K, committed 9728K, reserved 1048576K
}
Event: 294.548 GC heap after
{Heap after GC invocations=584 (full 21):
 PSYoungGen      total 12800K, used 2556K [0x00000000eab00000, 0x00000000ebb00000, 0x0000000100000000)
  eden space 10240K, 0% used [0x00000000eab00000,0x00000000eab00000,0x00000000eb500000)
  from space 2560K, 99% used [0x00000000eb800000,0x00000000eba7f0f8,0x00000000eba80000)
  to   space 3072K, 0% used [0x00000000eb500000,0x00000000eb500000,0x00000000eb800000)
 ParOldGen       total 204288K, used 180813K [0x00000000c0000000, 0x00000000cc780000, 0x00000000eab00000)
  object space 204288K, 88% used [0x00000000c0000000,0x00000000cb093498,0x00000000cc780000)
 Metaspace       used 89024K, committed 90432K, reserved 1130496K
  class space    used 9133K, committed 9728K, reserved 1048576K
}
Event: 294.665 GC heap before
{Heap before GC invocations=585 (full 21):
 PSYoungGen      total 12800K, used 12796K [0x00000000eab00000, 0x00000000ebb00000, 0x0000000100000000)
  eden space 10240K, 100% used [0x00000000eab00000,0x00000000eb500000,0x00000000eb500000)
  from space 2560K, 99% used [0x00000000eb800000,0x00000000eba7f0f8,0x00000000eba80000)
  to   space 3072K, 0% used [0x00000000eb500000,0x00000000eb500000,0x00000000eb800000)
 ParOldGen       total 204288K, used 180813K [0x00000000c0000000, 0x00000000cc780000, 0x00000000eab00000)
  object space 204288K, 88% used [0x00000000c0000000,0x00000000cb093498,0x00000000cc780000)
 Metaspace       used 89040K, committed 90432K, reserved 1130496K
  class space    used 9136K, committed 9728K, reserved 1048576K
}
Event: 294.679 GC heap after
{Heap after GC invocations=585 (full 21):
 PSYoungGen      total 13312K, used 3065K [0x00000000eab00000, 0x00000000ecd00000, 0x0000000100000000)
  eden space 10240K, 0% used [0x00000000eab00000,0x00000000eab00000,0x00000000eb500000)
  from space 3072K, 99% used [0x00000000eb500000,0x00000000eb7fe6b0,0x00000000eb800000)
  to   space 11776K, 0% used [0x00000000ec180000,0x00000000ec180000,0x00000000ecd00000)
 ParOldGen       total 204288K, used 188064K [0x00000000c0000000, 0x00000000cc780000, 0x00000000eab00000)
  object space 204288K, 92% used [0x00000000c0000000,0x00000000cb7a82a0,0x00000000cc780000)
 Metaspace       used 89040K, committed 90432K, reserved 1130496K
  class space    used 9136K, committed 9728K, reserved 1048576K
}
Event: 295.003 GC heap before
{Heap before GC invocations=586 (full 21):
 PSYoungGen      total 13312K, used 13305K [0x00000000eab00000, 0x00000000ecd00000, 0x0000000100000000)
  eden space 10240K, 100% used [0x00000000eab00000,0x00000000eb500000,0x00000000eb500000)
  from space 3072K, 99% used [0x00000000eb500000,0x00000000eb7fe6b0,0x00000000eb800000)
  to   space 11776K, 0% used [0x00000000ec180000,0x00000000ec180000,0x00000000ecd00000)
 ParOldGen       total 204288K, used 188064K [0x00000000c0000000, 0x00000000cc780000, 0x00000000eab00000)
  object space 204288K, 92% used [0x00000000c0000000,0x00000000cb7a82a0,0x00000000cc780000)
 Metaspace       used 89056K, committed 90432K, reserved 1130496K
  class space    used 9136K, committed 9728K, reserved 1048576K
}
Event: 295.009 GC heap after
{Heap after GC invocations=586 (full 21):
 PSYoungGen      total 12800K, used 1748K [0x00000000eab00000, 0x00000000ec380000, 0x0000000100000000)
  eden space 10752K, 0% used [0x00000000eab00000,0x00000000eab00000,0x00000000eb580000)
  from space 2048K, 85% used [0x00000000ec180000,0x00000000ec335200,0x00000000ec380000)
  to   space 5120K, 0% used [0x00000000eb980000,0x00000000eb980000,0x00000000ebe80000)
 ParOldGen       total 204288K, used 188256K [0x00000000c0000000, 0x00000000cc780000, 0x00000000eab00000)
  object space 204288K, 92% used [0x00000000c0000000,0x00000000cb7d82a0,0x00000000cc780000)
 Metaspace       used 89056K, committed 90432K, reserved 1130496K
  class space    used 9136K, committed 9728K, reserved 1048576K
}
Event: 295.348 GC heap before
{Heap before GC invocations=587 (full 21):
 PSYoungGen      total 12800K, used 12500K [0x00000000eab00000, 0x00000000ec380000, 0x0000000100000000)
  eden space 10752K, 100% used [0x00000000eab00000,0x00000000eb580000,0x00000000eb580000)
  from space 2048K, 85% used [0x00000000ec180000,0x00000000ec335200,0x00000000ec380000)
  to   space 5120K, 0% used [0x00000000eb980000,0x00000000eb980000,0x00000000ebe80000)
 ParOldGen       total 204288K, used 188256K [0x00000000c0000000, 0x00000000cc780000, 0x00000000eab00000)
  object space 204288K, 92% used [0x00000000c0000000,0x00000000cb7d82a0,0x00000000cc780000)
 Metaspace       used 89077K, committed 90496K, reserved 1130496K
  class space    used 9136K, committed 9728K, reserved 1048576K
}
Event: 295.355 GC heap after
{Heap after GC invocations=587 (full 21):
 PSYoungGen      total 16896K, used 2612K [0x00000000eab00000, 0x00000000ec200000, 0x0000000100000000)
  eden space 11776K, 0% used [0x00000000eab00000,0x00000000eab00000,0x00000000eb680000)
  from space 5120K, 51% used [0x00000000eb980000,0x00000000ebc0d200,0x00000000ebe80000)
  to   space 3072K, 0% used [0x00000000ebf00000,0x00000000ebf00000,0x00000000ec200000)
 ParOldGen       total 204288K, used 188256K [0x00000000c0000000, 0x00000000cc780000, 0x00000000eab00000)
  object space 204288K, 92% used [0x00000000c0000000,0x00000000cb7d82a0,0x00000000cc780000)
 Metaspace       used 89077K, committed 90496K, reserved 1130496K
  class space    used 9136K, committed 9728K, reserved 1048576K
}
Event: 295.746 GC heap before
{Heap before GC invocations=588 (full 21):
 PSYoungGen      total 16896K, used 14388K [0x00000000eab00000, 0x00000000ec200000, 0x0000000100000000)
  eden space 11776K, 100% used [0x00000000eab00000,0x00000000eb680000,0x00000000eb680000)
  from space 5120K, 51% used [0x00000000eb980000,0x00000000ebc0d200,0x00000000ebe80000)
  to   space 3072K, 0% used [0x00000000ebf00000,0x00000000ebf00000,0x00000000ec200000)
 ParOldGen       total 204288K, used 188256K [0x00000000c0000000, 0x00000000cc780000, 0x00000000eab00000)
  object space 204288K, 92% used [0x00000000c0000000,0x00000000cb7d82a0,0x00000000cc780000)
 Metaspace       used 89086K, committed 90496K, reserved 1130496K
  class space    used 9136K, committed 9728K, reserved 1048576K
}
Event: 295.756 GC heap after
{Heap after GC invocations=588 (full 21):
 PSYoungGen      total 15360K, used 3060K [0x00000000eab00000, 0x00000000ec200000, 0x0000000100000000)
  eden space 12288K, 0% used [0x00000000eab00000,0x00000000eab00000,0x00000000eb700000)
  from space 3072K, 99% used [0x00000000ebf00000,0x00000000ec1fd200,0x00000000ec200000)
  to   space 4608K, 0% used [0x00000000eb900000,0x00000000eb900000,0x00000000ebd80000)
 ParOldGen       total 204288K, used 189109K [0x00000000c0000000, 0x00000000cc780000, 0x00000000eab00000)
  object space 204288K, 92% used [0x00000000c0000000,0x00000000cb8ad4c8,0x00000000cc780000)
 Metaspace       used 89086K, committed 90496K, reserved 1130496K
  class space    used 9136K, committed 9728K, reserved 1048576K
}
Event: 296.132 GC heap before
{Heap before GC invocations=589 (full 21):
 PSYoungGen      total 15360K, used 15348K [0x00000000eab00000, 0x00000000ec200000, 0x0000000100000000)
  eden space 12288K, 100% used [0x00000000eab00000,0x00000000eb700000,0x00000000eb700000)
  from space 3072K, 99% used [0x00000000ebf00000,0x00000000ec1fd200,0x00000000ec200000)
  to   space 4608K, 0% used [0x00000000eb900000,0x00000000eb900000,0x00000000ebd80000)
 ParOldGen       total 204288K, used 189109K [0x00000000c0000000, 0x00000000cc780000, 0x00000000eab00000)
  object space 204288K, 92% used [0x00000000c0000000,0x00000000cb8ad4c8,0x00000000cc780000)
 Metaspace       used 89092K, committed 90496K, reserved 1130496K
  class space    used 9136K, committed 9728K, reserved 1048576K
}
Event: 296.144 GC heap after
{Heap after GC invocations=589 (full 21):
 PSYoungGen      total 17408K, used 4604K [0x00000000eab00000, 0x00000000ec980000, 0x0000000100000000)
  eden space 12800K, 0% used [0x00000000eab00000,0x00000000eab00000,0x00000000eb780000)
  from space 4608K, 99% used [0x00000000eb900000,0x00000000ebd7f370,0x00000000ebd80000)
  to   space 9216K, 0% used [0x00000000ec080000,0x00000000ec080000,0x00000000ec980000)
 ParOldGen       total 204288K, used 192814K [0x00000000c0000000, 0x00000000cc780000, 0x00000000eab00000)
  object space 204288K, 94% used [0x00000000c0000000,0x00000000cbc4ba70,0x00000000cc780000)
 Metaspace       used 89092K, committed 90496K, reserved 1130496K
  class space    used 9136K, committed 9728K, reserved 1048576K
}
Event: 296.497 GC heap before
{Heap before GC invocations=590 (full 21):
 PSYoungGen      total 17408K, used 17404K [0x00000000eab00000, 0x00000000ec980000, 0x0000000100000000)
  eden space 12800K, 100% used [0x00000000eab00000,0x00000000eb780000,0x00000000eb780000)
  from space 4608K, 99% used [0x00000000eb900000,0x00000000ebd7f370,0x00000000ebd80000)
  to   space 9216K, 0% used [0x00000000ec080000,0x00000000ec080000,0x00000000ec980000)
 ParOldGen       total 204288K, used 192814K [0x00000000c0000000, 0x00000000cc780000, 0x00000000eab00000)
  object space 204288K, 94% used [0x00000000c0000000,0x00000000cbc4ba70,0x00000000cc780000)
 Metaspace       used 89112K, committed 90496K, reserved 1130496K
  class space    used 9136K, committed 9728K, reserved 1048576K
}
Event: 296.505 GC heap after
{Heap after GC invocations=590 (full 21):
 PSYoungGen      total 14848K, used 1396K [0x00000000eab00000, 0x00000000ec200000, 0x0000000100000000)
  eden space 13312K, 0% used [0x00000000eab00000,0x00000000eab00000,0x00000000eb800000)
  from space 1536K, 90% used [0x00000000ec080000,0x00000000ec1dd200,0x00000000ec200000)
  to   space 4096K, 0% used [0x00000000eba00000,0x00000000eba00000,0x00000000ebe00000)
 ParOldGen       total 204288K, used 194050K [0x00000000c0000000, 0x00000000cc780000, 0x00000000eab00000)
  object space 204288K, 94% used [0x00000000c0000000,0x00000000cbd809b8,0x00000000cc780000)
 Metaspace       used 89112K, committed 90496K, reserved 1130496K
  class space    used 9136K, committed 9728K, reserved 1048576K
}
Event: 297.015 GC heap before
{Heap before GC invocations=591 (full 21):
 PSYoungGen      total 14848K, used 14708K [0x00000000eab00000, 0x00000000ec200000, 0x0000000100000000)
  eden space 13312K, 100% used [0x00000000eab00000,0x00000000eb800000,0x00000000eb800000)
  from space 1536K, 90% used [0x00000000ec080000,0x00000000ec1dd200,0x00000000ec200000)
  to   space 4096K, 0% used [0x00000000eba00000,0x00000000eba00000,0x00000000ebe00000)
 ParOldGen       total 204288K, used 194050K [0x00000000c0000000, 0x00000000cc780000, 0x00000000eab00000)
  object space 204288K, 94% used [0x00000000c0000000,0x00000000cbd809b8,0x00000000cc780000)
 Metaspace       used 89161K, committed 90560K, reserved 1130496K
  class space    used 9137K, committed 9728K, reserved 1048576K
}
Event: 297.021 GC heap after
{Heap after GC invocations=591 (full 21):
 PSYoungGen      total 17408K, used 1951K [0x00000000eab00000, 0x00000000ec100000, 0x0000000100000000)
  eden space 13312K, 0% used [0x00000000eab00000,0x00000000eab00000,0x00000000eb800000)
  from space 4096K, 47% used [0x00000000eba00000,0x00000000ebbe7d08,0x00000000ebe00000)
  to   space 2560K, 0% used [0x00000000ebe80000,0x00000000ebe80000,0x00000000ec100000)
 ParOldGen       total 204288K, used 194058K [0x00000000c0000000, 0x00000000cc780000, 0x00000000eab00000)
  object space 204288K, 94% used [0x00000000c0000000,0x00000000cbd829b8,0x00000000cc780000)
 Metaspace       used 89161K, committed 90560K, reserved 1130496K
  class space    used 9137K, committed 9728K, reserved 1048576K
}
Event: 297.490 GC heap before
{Heap before GC invocations=592 (full 21):
 PSYoungGen      total 17408K, used 15263K [0x00000000eab00000, 0x00000000ec100000, 0x0000000100000000)
  eden space 13312K, 99% used [0x00000000eab00000,0x00000000eb7fff80,0x00000000eb800000)
  from space 4096K, 47% used [0x00000000eba00000,0x00000000ebbe7d08,0x00000000ebe00000)
  to   space 2560K, 0% used [0x00000000ebe80000,0x00000000ebe80000,0x00000000ec100000)
 ParOldGen       total 204288K, used 194058K [0x00000000c0000000, 0x00000000cc780000, 0x00000000eab00000)
  object space 204288K, 94% used [0x00000000c0000000,0x00000000cbd829b8,0x00000000cc780000)
 Metaspace       used 89245K, committed 90624K, reserved 1130496K
  class space    used 9142K, committed 9728K, reserved 1048576K
}
Event: 297.500 GC heap after
{Heap after GC invocations=592 (full 21):
 PSYoungGen      total 15872K, used 2555K [0x00000000eab00000, 0x00000000ec100000, 0x0000000100000000)
  eden space 13312K, 0% used [0x00000000eab00000,0x00000000eab00000,0x00000000eb800000)
  from space 2560K, 99% used [0x00000000ebe80000,0x00000000ec0fed60,0x00000000ec100000)
  to   space 4608K, 0% used [0x00000000eb800000,0x00000000eb800000,0x00000000ebc80000)
 ParOldGen       total 204288K, used 195546K [0x00000000c0000000, 0x00000000cc780000, 0x00000000eab00000)
  object space 204288K, 95% used [0x00000000c0000000,0x00000000cbef6820,0x00000000cc780000)
 Metaspace       used 89245K, committed 90624K, reserved 1130496K
  class space    used 9142K, committed 9728K, reserved 1048576K
}
Event: 297.849 GC heap before
{Heap before GC invocations=593 (full 21):
 PSYoungGen      total 15872K, used 15867K [0x00000000eab00000, 0x00000000ec100000, 0x0000000100000000)
  eden space 13312K, 100% used [0x00000000eab00000,0x00000000eb800000,0x00000000eb800000)
  from space 2560K, 99% used [0x00000000ebe80000,0x00000000ec0fed60,0x00000000ec100000)
  to   space 4608K, 0% used [0x00000000eb800000,0x00000000eb800000,0x00000000ebc80000)
 ParOldGen       total 204288K, used 195546K [0x00000000c0000000, 0x00000000cc780000, 0x00000000eab00000)
  object space 204288K, 95% used [0x00000000c0000000,0x00000000cbef6820,0x00000000cc780000)
 Metaspace       used 89316K, committed 90688K, reserved 1130496K
  class space    used 9150K, committed 9728K, reserved 1048576K
}
Event: 297.856 GC heap after
{Heap after GC invocations=593 (full 21):
 PSYoungGen      total 16384K, used 2683K [0x00000000eab00000, 0x00000000ebf00000, 0x0000000100000000)
  eden space 13312K, 0% used [0x00000000eab00000,0x00000000eab00000,0x00000000eb800000)
  from space 3072K, 87% used [0x00000000eb800000,0x00000000eba9ee50,0x00000000ebb00000)
  to   space 3584K, 0% used [0x00000000ebb80000,0x00000000ebb80000,0x00000000ebf00000)
 ParOldGen       total 204288K, used 196559K [0x00000000c0000000, 0x00000000cc780000, 0x00000000eab00000)
  object space 204288K, 96% used [0x00000000c0000000,0x00000000cbff3e90,0x00000000cc780000)
 Metaspace       used 89316K, committed 90688K, reserved 1130496K
  class space    used 9150K, committed 9728K, reserved 1048576K
}

